#include <stdio.h>
#include <stdlib.h>

# include <stdio.h>

// NE MODIFIEZ PAS CE COMMENTAIRE NI RIEN AU DESSUS

// NE CHANGEZ PAS CETTE DÉLARATION
 void marsh (char* fall) {
     int i;
  for (i = 0; fall[i]!='\0'; i++) {
      if(fall[i] >= 'a' && fall[i] <= 'z') {  //Si le caractère est compris dans les lettres minuscules..

         fall[i] = fall[i] -32;  //On soustrait 32 pour tomber sur la valeur ASCII de la majuscule.
      }
   }

 }

 // NE MODIFIEZ PAS CE COMMENTAIRE NI RIEN EN DESSOUS






#include "badass.h"
#include <string.h>

int main (void) {
  char kazoo[] = "8:tC=N>WEOm6Xd^Y)B4eqn]ifJr|z.RFh!c5<o#UK2*Pg&;LkQZa%?SG79D}@/~_jAsv$0(lTx+w,H[p{u3-IyVMb1";
  assopen("run.ass");
  marsh(kazoo);
  int _cmp = strcmp(kazoo, "8:TC=N>WEOM6XD^Y)B4EQN]IFJR|Z.RFH!C5<O#UK2*PG&;LKQZA%?SG79D}@/~_JASV$0(LTX+W,H[P{U3-IYVMB1");
  assess(test, _cmp == 0);
}