#include <stdio.h>

// NE MODIFIEZ PAS CE COMMENTAIRE NI RIEN AU DESSUS

char convertir(int c) {
    return c;
}

void urge (char* pared) {
    for (int i=0; i<17; i++) {
        if (pared[i] - 'a' <= 26 && pared[i] - 'a' >= 0) {
            pared[i] = convertir(pared[i] - 'a' + 'A');
        } else if (pared[i] == ' ') {
            pared[i] = pared[i];
        } else {
            pared[i] = convertir(pared[i] - 'A' + 'a');
        }
    }
}

// NE MODIFIEZ PAS CE COMMENTAIRE NI RIEN EN DESSOUS






#include "badass.h"
#include <string.h>

int main (void) {
  char dingy[] = "8:tC=N>WEOm6Xd^Y)B4eqn]ifJr|z.RFh!c5<o#UK2*Pg&;LkQZa%?SG79D}@/~_jAsv$0(lTx+w,H[p{u3-IyVMb1";
  assopen("run.ass");
  urge(dingy);
  int _cmp = strcmp(dingy, "8:Tc=n>weoM6xD^y)b4EQN]IFjR|Z.rfH!C5<O#uk2*pG&;lKqzA%?sg79d}@/~_JaSV$0(LtX+W,h[P{U3-iYvmB1");
  assess(test, _cmp == 0);
}