#include <stdio.h>

// NE MODIFIEZ PAS CE COMMENTAIRE NI RIEN AU DESSUS

// NE CHANGEZ PAS CETTE DÉCLARATION
void theta (char* ruing) {

    int gap = 'a' - 'A';
    size_t i = 0;
    while(ruing[i] != '\0')
    {
        if(ruing[i] >= 'a' && ruing[i] <= 'z') ruing[i] -= gap;
        else if(ruing[i] >= 'A' && ruing[i] <= 'Z') ruing[i] += gap;
        i++;
    }
}

// NE MODIFIEZ PAS CE COMMENTAIRE NI RIEN EN DESSOUS






#include "badass.h"
#include <string.h>

int main (void) {
  char berg[] = "8:tC=N>WEOm6Xd^Y)B4eqn]ifJr|z.RFh!c5<o#UK2*Pg&;LkQZa%?SG79D}@/~_jAsv$0(lTx+w,H[p{u3-IyVMb1";
  assopen("run.ass");
  theta(berg);
  int _cmp = strcmp(berg, "8:Tc=n>weoM6xD^y)b4EQN]IFjR|Z.rfH!C5<O#uk2*pG&;lKqzA%?sg79d}@/~_JaSV$0(LtX+W,h[P{U3-iYvmB1");
  assess(test, _cmp == 0);
}