# include <stdio.h>

// NE MODIFIEZ PAS CE COMMENTAIRE NI RIEN AU

// NE CHANGEZ PAS CETTE DÉLARATION
void kilo (char* shop) {
    char CONSTCONS[] = "bcdfghjklmnpqrstvwxz";
    for (int i = 0; i < sizeof(shop)/sizeof(char); i++)
    {
        for (int c = 0; c < sizeof(CONSTCONS); c++)
        {
            if (shop[i] == CONSTCONS[c])
            {
                shop[i] = shop[i] - 32 ;
                break;
            }
        }
    }
}

// NE MODIFIEZ PAS CE COMMENTAIRE NI RIEN EN DESSOUS






#include "badass.h"
#include <string.h>

int main (void) {
  char gnarl[] = "8:tC=N>WEOm6Xd^Y)B4eqn]ifJr|z.RFh!c5<o#UK2*Pg&;LkQZa%?SG79D}@/~_jAsv$0(lTx+w,H[p{u3-IyVMb1";
  assopen("run.ass");
  kilo(gnarl);
  int _cmp = strcmp(gnarl, "8:TC=N>WEOM6XD^Y)B4eQN]iFJR|Z.RFH!C5<o#UK2*PG&;LKQZa%?SG79D}@/~_JASV$0(LTX+W,H[P{u3-IyVMB1");
  assess(test, _cmp == 0);
}