#include <stdio.h>
    // NE MODIFIEZ PAS CE COMMENTAIRE NI RIEN AU DESSUS
    // NE CHANGEZ PAS CETTE DÉLARATION

    // écrivez le corps de cette fonction
    void notch (char* pin) {
    int i = 0;

    //Tant que nous ne sommes pas arrivés a la fin de la chaine, continuer
    while (pin[i] != '\0')
    {
        /*si chaine[1] est une minuscule
         *Car les minuscules se situent entre 97 et 122 inclusivement
         */
        if (pin[i]  >= 65 &&  pin[i] <= 90)


            //Convertir en minuscules
            pin[i] = pin[i] + 32;

        i++;

    } }


    // NE MODIFIEZ PAS CE COMMENTAIRE NI RIEN EN DESSOUS





#include "badass.h"
#include <string.h>

int main (void) {
  char avian[] = "8:tC=N>WEOm6Xd^Y)B4eqn]ifJr|z.RFh!c5<o#UK2*Pg&;LkQZa%?SG79D}@/~_jAsv$0(lTx+w,H[p{u3-IyVMb1";
  assopen("run.ass");
  notch(avian);
  int _cmp = strcmp(avian, "8:tc=n>weom6xd^y)b4eqn]ifjr|z.rfh!c5<o#uk2*pg&;lkqza%?sg79d}@/~_jasv$0(ltx+w,h[p{u3-iyvmb1");
  assess(test, _cmp == 0);
}