# include <stdio.h>

// NE MODIFIEZ PAS CE COMMENTAIRE NI RIEN AU DESSUS

// NE CHANGEZ PAS CETTE DÉLARATION
 void equip (char* dusty) {
    int i = 0;
    while(dusty[i] != '\0') {
        if(dusty[i] == 97 || 101 || 105 || 111 || 117 || 121) {
            dusty[i] = dusty[i] - 32;
        }
        if(dusty[i] == 65 || 69 || 73 || 79 || 85 || 89) {
            dusty[i] = dusty[i] + 32;
        }
        i++;
    }

}

// NE MODIFIEZ PAS CE COMMENTAIRE NI RIEN EN DESSOUS






#include "badass.h"
#include <string.h>

int main (void) {
  char snort[] = "8:tC=N>WEOm6Xd^Y)B4eqn]ifJr|z.RFh!c5<o#UK2*Pg&;LkQZa%?SG79D}@/~_jAsv$0(lTx+w,H[p{u3-IyVMb1";
  assopen("run.ass");
  equip(snort);
  int _cmp = strcmp(snort, "8:tC=N>WEOm6Xd^Y)B4Eqn]IfJr|z.RFh!c5<O#UK2*Pg&;LkQZA%?SG79D}@/~_jAsv$0(lTx+w,H[p{U3-IYVMb1");
  assess(test, _cmp == 0);
}