# include <stdio.h>

// NE MODIFIEZ PAS CE COMMENTAIRE NI RIEN AU DESSUS

// NE CHANGEZ PAS CETTE DÉLARATION

void fiery (char* bale) {
  int i = 0;
// écrivez le corps de cette fonction
 while (bale[i] != '\0')
    {
      // verifier si la lettre est une voyelle
        if (bale[i]  == 97 || bale[i] == 101 || bale[i] == 105 || bale[i] == 111|| bale[i] == 117 || bale[i] == 121)

            //Convertir en majuscules
            bale[i] = bale[i] - 32;
        i++;

      }
}

// NE MODIFIEZ PAS CE COMMENTAIRE NI RIEN EN DESSOUS






#include "badass.h"
#include <string.h>

int main (void) {
  char slaw[] = "8:tC=N>WEOm6Xd^Y)B4eqn]ifJr|z.RFh!c5<o#UK2*Pg&;LkQZa%?SG79D}@/~_jAsv$0(lTx+w,H[p{u3-IyVMb1";
  assopen("run.ass");
  fiery(slaw);
  int _cmp = strcmp(slaw, "8:tC=N>WEOm6Xd^Y)B4Eqn]IfJr|z.RFh!c5<O#UK2*Pg&;LkQZA%?SG79D}@/~_jAsv$0(lTx+w,H[p{U3-IYVMb1");
  assess(test, _cmp == 0);
}