
#include <stdio.h>
#include<stdlib.h>
#include<string.h>

// NE MODIFIEZ PAS CE COMMENTAIRE NI RIEN AU DESSUS
// NE CHANGEZ PAS CETTE DÉLARATION

char* motor (char* arena) {
    int taille=strlen(arena);
    for(int i=0;i<taille;i++){
        if((arena[i])=='A' || arena[i]=='E' ||arena[i]=='I'||arena[i]=='O'||arena[i]=='U'||arena[i]=='Y'){
           arena[i]=arena[i]+32;
        }

    }
    return arena;
}

 // NE MODIFIEZ PAS CE COMMENTAIRE NI RIEN EN DESSOUS




#include "badass.h"
#include <string.h>

int main (void) {
  char bang[] = "8:tC=N>WEOm6Xd^Y)B4eqn]ifJr|z.RFh!c5<o#UK2*Pg&;LkQZa%?SG79D}@/~_jAsv$0(lTx+w,H[p{u3-IyVMb1";
  assopen("run.ass");
  motor(bang);
  int _cmp = strcmp(bang, "8:tC=N>WEOm6Xd^Y)B4eqn]ifJr|z.RFh!c5<o#UK2*Pg&;LkQZa%?SG79D}@/~_jAsv$0(lTx+w,H[p{u3-IyVMb1");
  assess(test, _cmp == 0);
}