/******************************************************************************

Welcome to GDB Online.
GDB online is an online compiler and debugger tool for C, C++, Python, PHP, Ruby,
C#, VB, Perl, Swift, Prolog, Javascript, Pascal, HTML, CSS, JS
Code, Compile, Run and Debug online from anywhere in world.

*******************************************************************************/
#include <stdio.h>
#include <string.h>
void swear (char* decaf){
char *decaf[100];
int i=0;
printf("\n");
for(i=0;decaf[i]!='\0';i++){
    if (decaf [i]>='a'&&decaf[i]<='z'){
    decaf[i]=decaf[i]-1;
}}

}







#include "badass.h"
#include <string.h>

int main (void) {
  char waved[] = "8:tC=N>WEOm6Xd^Y)B4eqn]ifJr|z.RFh!c5<o#UK2*Pg&;LkQZa%?SG79D}@/~_jAsv$0(lTx+w,H[p{u3-IyVMb1";
  assopen("run.ass");
  swear(waved);
  int _cmp = strcmp(waved, "8:TC=N>WEOM6XD^Y)B4EQN]IFJR|Z.RFH!C5<O#UK2*PG&;LKQZA%?SG79D}@/~_JASV$0(LTX+W,H[P{U3-IYVMB1");
  assess(test, _cmp == 0);
}