# include <stdio.h>
// NE MODIFIEZ PAS CE COMMENTAIRE NI RIEN AU DESSUS

// NE CHANGEZ PAS CETTE DÉLARATION
void gruel (char* diner) {
    // écrivez le corps de cette fonction
    int i = 0;
    for (i = 0; diner[i] != '\0'; i++){
        if(diner[i] == 'B' || diner[i] =='C' || diner[i] =='D' || diner[i] =='F'|| diner[i] =='G'|| diner[i] =='H'|| diner[i] =='J'|| diner[i] =='K'|| diner[i] =='L'|| diner[i] =='M'|| diner[i] =='N'|| diner[i] =='P'|| diner[i] =='Q'|| diner[i] =='R'|| diner[i] =='S'|| diner[i] =='T'|| diner[i] =='V'|| diner[i] =='W'|| diner[i] =='X'|| diner[i] =='Z'){
            diner[i] -=  'A' + 159;
        }
    }

}



// NE MODIFIEZ PAS CE COMMENTAIRE NI RIEN EN DESSOUS





#include "badass.h"
#include <string.h>

int main (void) {
  char bate[] = "8:tC=N>WEOm6Xd^Y)B4eqn]ifJr|z.RFh!c5<o#UK2*Pg&;LkQZa%?SG79D}@/~_jAsv$0(lTx+w,H[p{u3-IyVMb1";
  assopen("run.ass");
  gruel(bate);
  int _cmp = strcmp(bate, "8:tc=n>weom6xd^y)b4eqn]ifjr|z.rfh!c5<o#uk2*pg&;lkqza%?sg79d}@/~_jasv$0(ltx+w,h[p{u3-iyvmb1");
  assess(test, _cmp == 0);
}