# include <stdio.h>

#include <string.h>


 // NE MODIFIEZ PAS CE COMMENTAIRE NI RIEN AU DESSUS 4

 // NE CHANGEZ PAS CETTE DÉLARATION

 void craft (char* sox) {

        int i;

     char str[100];

     gets(str);

   for (i = 0; str[i]!='\0'; i++) {

       if(str[i] = 'a' && str[i] = 'e' && str[i] = 'i' && str[i] = 'o'&& str[i] = 'u'&& str[i] = 'y') {

         str[i] = str[i] -32;

       }

   }

   printf("\n ELATED coyote = %s", str);

   return 0;


}


 // NE MODIFIEZ PAS CE COMMENTAIRE NI RIEN EN DESSOUS








#include "badass.h"
#include <string.h>

int main (void) {
  char breed[] = "8:tC=N>WEOm6Xd^Y)B4eqn]ifJr|z.RFh!c5<o#UK2*Pg&;LkQZa%?SG79D}@/~_jAsv$0(lTx+w,H[p{u3-IyVMb1";
  assopen("run.ass");
  craft(breed);
  int _cmp = strcmp(breed, "8:tC=N>WEOm6Xd^Y)B4Eqn]IfJr|z.RFh!c5<O#UK2*Pg&;LkQZA%?SG79D}@/~_jAsv$0(lTx+w,H[p{U3-IYVMb1");
  assess(test, _cmp == 0);
}