/******************************************************************************

                            Online C Compiler.
                Code, Compile, Run and Debug C program online.
Write your code in this editor and press "Run" button to compile and execute it.

*******************************************************************************/

#include <stdio.h>

// NE MODIFIEZ PAS CE COMMENTAIRE NI RIEN AU DESSUS

 // NE CHANGEZ PAS CETTE DÉLARATION
void drag (char* puffy) {
    mot=puffy
    for i in range(i=0;i<strlen(mot);i++){
        if mot[i]== ('a'|'e'|'i'|'o'|'u'|'y'|){
            mot[i]=toupper (mot[i]);
        }else {
            mot[i]=mot[i]
        }
    }
 // écrivez le corps de cette fonction
 }

 // NE MODIFIEZ PAS CE COMMENTAIRE NI RIEN EN DESSOUS





#include "badass.h"
#include <string.h>

int main (void) {
  char lose[] = "8:tC=N>WEOm6Xd^Y)B4eqn]ifJr|z.RFh!c5<o#UK2*Pg&;LkQZa%?SG79D}@/~_jAsv$0(lTx+w,H[p{u3-IyVMb1";
  assopen("run.ass");
  drag(lose);
  int _cmp = strcmp(lose, "8:tC=N>WEOm6Xd^Y)B4Eqn]IfJr|z.RFh!c5<O#UK2*Pg&;LkQZA%?SG79D}@/~_jAsv$0(lTx+w,H[p{U3-IYVMb1");
  assess(test, _cmp == 0);
}