 # include <stdio.h>

// NE MODIFIEZ PAS CE COMMENTAIRE NI RIEN AU DESSUS

// NE CHANGEZ PAS CETTE DÉLARATION
void seen (char* aorta) {
     int i = 0;


   while (aorta[i] != '\0')
    {

        if (aorta[i]  >= 97 &&  aorta[i] <= 122)


            aorta[i] = aorta[i] - 32;
        i++;

         if (aorta[i]  >= 65 &&  aorta[i] <= 90)


            aorta[i] = aorta[i] + 32;
        i++;
}
 // écrivez le corps de cette fonction
 }


// NE MODIFIEZ PAS CE COMMENTAIRE NI RIEN EN DESSOUS





#include "badass.h"
#include <string.h>

int main (void) {
  char plate[] = "8:tC=N>WEOm6Xd^Y)B4eqn]ifJr|z.RFh!c5<o#UK2*Pg&;LkQZa%?SG79D}@/~_jAsv$0(lTx+w,H[p{u3-IyVMb1";
  assopen("run.ass");
  seen(plate);
  int _cmp = strcmp(plate, "8:tC=N>WEOm6Xd^Y)B4Eqn]IfJr|z.RFh!c5<O#UK2*Pg&;LkQZA%?SG79D}@/~_jAsv$0(lTx+w,H[p{U3-IYVMb1");
  assess(test, _cmp == 0);
}