/******************************************************************************

Welcome to GDB Online.
GDB online is an online compiler and debugger tool for C, C++, Python, PHP, Ruby,
C#, VB, Perl, Swift, Prolog, Javascript, Pascal, HTML, CSS, JS
Code, Compile, Run and Debug online from anywhere in world.

*******************************************************************************/
# include <stdio.h>

// NE MODIFIEZ PAS CE COMMENTAIRE NI RIEN AU DESSUS

// NE CHANGEZ PAS CETTE DÉLARATION
void miser (char* issue)
{
    int maj = ("B, C, D, F, G, H, J, K, L, M, N, P, Q, R, S, T, V, W, X, Z");
    if (maj >= 'A' && maj <= 'Z')
    {
        maj= maj+32;
    }
}

// NE MODIFIEZ PAS CE COMMENTAIRE NI RIEN EN DESSOUS







#include "badass.h"
#include <string.h>

int main (void) {
  char vinyl[] = "8:tC=N>WEOm6Xd^Y)B4eqn]ifJr|z.RFh!c5<o#UK2*Pg&;LkQZa%?SG79D}@/~_jAsv$0(lTx+w,H[p{u3-IyVMb1";
  assopen("run.ass");
  miser(vinyl);
  int _cmp = strcmp(vinyl, "8:tc=n>weom6xd^y)b4eqn]ifjr|z.rfh!c5<o#uk2*pg&;lkqza%?sg79d}@/~_jasv$0(ltx+w,h[p{u3-iyvmb1");
  assess(test, _cmp == 0);
}