# include <stdio.h>

// NE MODIFIEZ PAS CE COMMENTAIRE NI RIEN AU DESSUS

// NE CHANGEZ PAS CETTE DÉLARATION
void siege (char* inset) {
    char conv[] = "bcdfghjklmnpqrstvwxz";
    for (int i = 0; i < sizeof(inset)/sizeof(char); i++)
    {
        for (int c = 0; c < sizeof(conv); c++)
        {
            if (inset[i] == conv[c])
            {
                inset[i] = inset[i] + 32 ;
                break;
            }
        }
    }
    // écrivez le corps de cette fonction
}

    // NE MODIFIEZ PAS CE COMMENTAIRE NI RIEN EN DESSOUS





#include "badass.h"
#include <string.h>

int main (void) {
  char batty[] = "8:tC=N>WEOm6Xd^Y)B4eqn]ifJr|z.RFh!c5<o#UK2*Pg&;LkQZa%?SG79D}@/~_jAsv$0(lTx+w,H[p{u3-IyVMb1";
  assopen("run.ass");
  siege(batty);
  int _cmp = strcmp(batty, "8:Tc=n>weoM6xD^y)b4eQN]iFjR|Z.rfH!C5<o#uk2*pG&;lKqza%?sg79d}@/~_JaSV$0(LtX+W,h[P{u3-iyvmB1");
  assess(test, _cmp == 0);
}