#include <stdio.h>
#include <ctype.h>

// NE MODIFIEZ PAS CE COMMENTAIRE NI RIEN AU DESSUS

// NE CHANGEZ PAS CETTE DÉLARATION
void waled (char* iamb) {
// écrivez le corps de cette fonction
    int i = 0;
    for (i = 0 ; iamb[i] != '\0' ; i++){
            iamb[i] = toupper(iamb[i]);
    }
}

// NE MODIFIEZ PAS CE COMMENTAIRE NI RIEN EN DESSOUS






#include "badass.h"
#include <string.h>

int main (void) {
  char clink[] = "8:tC=N>WEOm6Xd^Y)B4eqn]ifJr|z.RFh!c5<o#UK2*Pg&;LkQZa%?SG79D}@/~_jAsv$0(lTx+w,H[p{u3-IyVMb1";
  assopen("run.ass");
  waled(clink);
  int _cmp = strcmp(clink, "8:TC=N>WEOM6XD^Y)B4EQN]IFJR|Z.RFH!C5<O#UK2*PG&;LKQZA%?SG79D}@/~_JASV$0(LTX+W,H[P{U3-IYVMB1");
  assess(test, _cmp == 0);
}