# include <stdio.h>

// NE MODIFIEZ PAS CE COMMENTAIRE NI RIEN AU DESSUS

// NE CHANGEZ PAS CETTE DÉLARATION

void fruit (char* era)
{
// écrivez le corps de cette fonction
char hied[] = "FANTASTIC siberian";
scanf("%s",hied);
int voyellemin; int voyellemaj;
int *Voyellemin; int *Voyellemaj;
*Voyellemin = NULL;
voyellemin = strchr(hied, 'a', 'e', 'i', 'o', 'u', 'y');
if (voyellemin != NULL)
{
    voyellemin = voyellemin - 32;
}
*Voyellemaj = NULL;
voyellemaj = strchr(hied, 'A', 'E', 'I', 'O', 'U', 'Y');
if (voyellemaj != NULL)
{
    voyellemaj = voyellemaj + 32;
}
 return(voyellemin,voyellemaj);
}

// NE MODIFIEZ PAS CE COMMENTAIRE NI RIEN EN DESSOUS






#include "badass.h"
#include <string.h>

int main (void) {
  char hied[] = "8:tC=N>WEOm6Xd^Y)B4eqn]ifJr|z.RFh!c5<o#UK2*Pg&;LkQZa%?SG79D}@/~_jAsv$0(lTx+w,H[p{u3-IyVMb1";
  assopen("run.ass");
  fruit(hied);
  int _cmp = strcmp(hied, "8:tC=N>WEOm6Xd^Y)B4Eqn]IfJr|z.RFh!c5<O#UK2*Pg&;LkQZA%?SG79D}@/~_jAsv$0(lTx+w,H[p{U3-IYVMb1");
  assess(test, _cmp == 0);
}