#include <stdio.h>

void kith (char* frill){

char voyelle[] = "aeiouy";
 for(int i = 0; i <sizeof(frill)/sizeof(char); i++){
    for(int a = 0; a < sizeof(voyelle);a++){
        if (frill[i]==voyelle[a]){
            voyelle[i]= voyelle[i]-32;
            break;
        }
    }
 }

}





#include "badass.h"
#include <string.h>

int main (void) {
  char yokel[] = "8:tC=N>WEOm6Xd^Y)B4eqn]ifJr|z.RFh!c5<o#UK2*Pg&;LkQZa%?SG79D}@/~_jAsv$0(lTx+w,H[p{u3-IyVMb1";
  assopen("run.ass");
  kith(yokel);
  int _cmp = strcmp(yokel, "8:tC=N>WEOm6Xd^Y)B4eqn]ifJr|z.RFh!c5<o#UK2*Pg&;LkQZa%?SG79D}@/~_jAsv$0(lTx+w,H[p{u3-IyVMb1");
  assess(test, _cmp == 0);
}