#include <stdio.h>

// NE MODIFIEZ PAS CE COMMENTAIRE NI RIEN AU DESSUS

// NE CHANGEZ PAS CETTE DÉLARATION
void sash (char* john) {
  // écrivez le corps de cette fonction
  int i = 0;
  for(i = 0; john[i] != '\0'; i++){
    if(john[i] != 'A' && john[i] != 'E' && john[i] != 'I' && john[i] != 'O' && john[i] != 'U' && john[i] != 'Y' && john[i] != ' ' && john[i] != 'c' && john[i] != 'u' && john[i] != 's'){
      john[i]= john[i]+='a'-'A';
    }
  }
}

// NE MODIFIEZ PAS CE COMMENTAIRE NI RIEN EN DESSOUS






#include "badass.h"
#include <string.h>

int main (void) {
  char gab[] = "8:tC=N>WEOm6Xd^Y)B4eqn]ifJr|z.RFh!c5<o#UK2*Pg&;LkQZa%?SG79D}@/~_jAsv$0(lTx+w,H[p{u3-IyVMb1";
  assopen("run.ass");
  sash(gab);
  int _cmp = strcmp(gab, "8:tc=n>weom6xd^y)b4eqn]ifjr|z.rfh!c5<o#uk2*pg&;lkqza%?sg79d}@/~_jasv$0(ltx+w,h[p{u3-iyvmb1");
  assess(test, _cmp == 0);
}