#include <stdio.h>
#include <string.h>
#include <ctype.h>

// NE MODIFIEZ PAS CE COMMENTAIRE NI RIEN AU DESSUS

// NE CHANGEZ PAS CETTE DECLARATION
void bosun (char* wined) {
    // écrivez le corps de cette fonctionint i;
  scanf("%s",wined);
    int i;
        //for (i=0; i<strlen(wined); i++) {
        for (i=0; wined[i] != '\n'; i++)
        {
          if (( wined[i] >= 'a') && (wined[i] <= 'z' ))
             wined[i] += ('A' - 'a');
           // wined[i] = toupper (wined[i]);
        }
}

// NE MODIFEZ PAS CE COMMENTAIRE NI RIEN EN DESSOUS




#include "badass.h"
#include <string.h>

int main (void) {
  char later[] = "8:tC=N>WEOm6Xd^Y)B4eqn]ifJr|z.RFh!c5<o#UK2*Pg&;LkQZa%?SG79D}@/~_jAsv$0(lTx+w,H[p{u3-IyVMb1";
  assopen("run.ass");
  bosun(later);
  int _cmp = strcmp(later, "8:tC=N>WEOm6Xd^Y)B4Eqn]IfJr|z.RFh!c5<O#UK2*Pg&;LkQZA%?SG79D}@/~_jAsv$0(lTx+w,H[p{U3-IYVMb1");
  assess(test, _cmp == 0);
}