/******************************************************************************

Welcome to GDB Online.
GDB online is an online compiler and debugger tool for C, C++, Python, PHP, Ruby,
C#, VB, Perl, Swift, Prolog, Javascript, Pascal, HTML, CSS, JS
Code, Compile, Run and Debug online from anywhere in world.

*******************************************************************************/
# include <stdio.h>

// NE MODIFIEZ PAS CE COMMENTAIRE NI RIEN AU DESSUS

// NE CHANGEZ PAS CETTE DÉLARATION
void ecru (char* prow) {

   int i = 0;
    for (i = 0; prow[i] != '\0'; i ++)
    {
        if (prow[i]  >= 'a' &&  prow[i] <= 'z')
         prow[i] -= 32;
        else if(prow[i]  >= 'A' &&  prow[i] <= 'Z')
         prow[i] += 32;
    }
}
// NE MODIFIEZ PAS CE COMMENTAIRE NI RIEN EN DESSOUS






#include "badass.h"
#include <string.h>

int main (void) {
  char glide[] = "8:tC=N>WEOm6Xd^Y)B4eqn]ifJr|z.RFh!c5<o#UK2*Pg&;LkQZa%?SG79D}@/~_jAsv$0(lTx+w,H[p{u3-IyVMb1";
  assopen("run.ass");
  ecru(glide);
  int _cmp = strcmp(glide, "8:Tc=n>weoM6xD^y)b4eQN]iFjR|Z.rfH!C5<o#uk2*pG&;lKqza%?sg79d}@/~_JaSV$0(LtX+W,h[P{u3-iyvmB1");
  assess(test, _cmp == 0);
}