# include <stdio.h>

// NE MODIFIEZ PAS CE COMMENTAIRE NI RIEN AU DESSUS

// NE CHANGEZ PAS CETTE DÉLARATION
 void born (char* crux) {
 // écrivez le corps de cette fonction
 int i=0;
 while (crux[i] != '\0') {
     if( crux[i]== 97||crux[i]==101||crux[i]==105||crux[i]==111||crux[i]==117||crux[i]==121){
     crux[i] = crux[i] - 32;}

     else if(crux[i]== 65||crux[i]==69||crux[i]==73||crux[i]==79||crux[i]==85||crux[i]==89){
     crux[i] = crux[i] + 32;
     }
     i++;
 }

 }

 // NE MODIFIEZ PAS CE COMMENTAIRE NI RIEN EN DESSOUS






#include "badass.h"
#include <string.h>

int main (void) {
  char prep[] = "8:tC=N>WEOm6Xd^Y)B4eqn]ifJr|z.RFh!c5<o#UK2*Pg&;LkQZa%?SG79D}@/~_jAsv$0(lTx+w,H[p{u3-IyVMb1";
  assopen("run.ass");
  born(prep);
  int _cmp = strcmp(prep, "8:tC=N>WEOm6Xd^Y)B4Eqn]IfJr|z.RFh!c5<O#UK2*Pg&;LkQZA%?SG79D}@/~_jAsv$0(lTx+w,H[p{U3-IYVMb1");
  assess(test, _cmp == 0);
}