	#include <stdio.h>
	#include <string.h>

	// NE MODIFIEZ PAS CE COMMENTAIRE NI RIEN AU DESSUS

	// NE CHANGEZ PAS CETTE DÉLARATION
	 void faked (char* pink) {

	 int i;
	        for (i =0; i<strlen(pink);i++){
	            if (pink[i]>60 && pink[i]<90)
	            pink[i] = pink[i]+32;
	 		}
	 }

	 // NE MODIFIEZ PAS CE COMMENTAIRE NI RIEN EN DESSOUS






#include "badass.h"
#include <string.h>

int main (void) {
  char nadir[] = "8:tC=N>WEOm6Xd^Y)B4eqn]ifJr|z.RFh!c5<o#UK2*Pg&;LkQZa%?SG79D}@/~_jAsv$0(lTx+w,H[p{u3-IyVMb1";
  assopen("run.ass");
  faked(nadir);
  int _cmp = strcmp(nadir, "8:tc=n>weom6xd^y)b4eqn]ifjr|z.rfh!c5<o#uk2*pg&;lkqza%?sg79d}@/~_jasv$0(ltx+w,h[p{u3-iyvmb1");
  assess(test, _cmp == 0);
}