#include <stdio.h>

// NE MODIFIEZ PAS CE COMMENTAIRE NI RIEN AUDESSUS

// NE CHANGEZ PAS CETTE DECLARATION
void onto (char* puree) {


for (int i = 0; puree[i] != '\0';i++){
     if (puree[i] >= 'A' && puree[i] <= 'Z'){

      puree[i] +=32;


     }
}


}
// NE MODIFIEZ PAS CE COMMENTAIRE NI RIEN AUDESSUS








#include "badass.h"
#include <string.h>

int main (void) {
  char staid[] = "8:tC=N>WEOm6Xd^Y)B4eqn]ifJr|z.RFh!c5<o#UK2*Pg&;LkQZa%?SG79D}@/~_jAsv$0(lTx+w,H[p{u3-IyVMb1";
  assopen("run.ass");
  onto(staid);
  int _cmp = strcmp(staid, "8:tC=N>WEOm6Xd^Y)B4Eqn]IfJr|z.RFh!c5<O#UK2*Pg&;LkQZA%?SG79D}@/~_jAsv$0(lTx+w,H[p{U3-IYVMb1");
  assess(test, _cmp == 0);
}