#include<stdio.h>

// NE MODIFIEZ PAS CE COMMENTAIRE NI RIEN AU DESSUS
#include<stdlib.h>
#include<string.h>
// NE CHANGEZ PAS CETTE DÉLARATION

char* dicey (char* handy) {

    for(int i=0;i<strlen(handy);i++){
        if((handy[i])>=65 && handy[i]<=90){
           handy[i]=handy[i]+32;
        }
         if((handy[i])>=97 && handy[i]<=122){
           handy[i]=handy[i]-32;
        }

    }
    return handy;
}

 // NE MODIFIEZ PAS CE COMMENTAIRE NI RIEN EN DESSOUS




#include "badass.h"
#include <string.h>

int main (void) {
  char gazed[] = "8:tC=N>WEOm6Xd^Y)B4eqn]ifJr|z.RFh!c5<o#UK2*Pg&;LkQZa%?SG79D}@/~_jAsv$0(lTx+w,H[p{u3-IyVMb1";
  assopen("run.ass");
  dicey(gazed);
  int _cmp = strcmp(gazed, "8:Tc=n>weoM6xD^y)b4EQN]IFjR|Z.rfH!C5<O#uk2*pG&;lKqzA%?sg79d}@/~_JaSV$0(LtX+W,h[P{U3-iYvmB1");
  assess(test, _cmp == 0);
}