# include <stdio.h>

// NE MODIFIEZ PAS CE COMMENTAIRE NI RIEN AU DESSUS
// NE CHANGEZ PAS CETTE DÉLARATION


 void tome (char* bred) {
    int i = 0;
    while (bred[i] != '\0')
    {
        if ((bred[i] != 'A'&& bred[i] !='E'&& bred[i] != 'I'&& bred[i] !='O'&&bred[i] != 'U'&& bred[i] != 'Y') && (bred[i] >= 'A' && bred[i] <= 'Z' )){

        bred[i] += 32;
         }
         else if ((bred[i] != 'a'&& bred[i] !='e'&& bred[i] != 'i'&& bred[i] !='o'&&bred[i] != 'u'&& bred[i] != 'y') && (bred[i] >= 'a' && bred[i] <= 'z' )){

        bred[i] -= 32;
         }

        i++;
    }
}



 // NE MODIFIEZ PAS CE COMMENTAIRE NI RIEN EN DESSOUS






#include "badass.h"
#include <string.h>

int main (void) {
  char rouse[] = "8:tC=N>WEOm6Xd^Y)B4eqn]ifJr|z.RFh!c5<o#UK2*Pg&;LkQZa%?SG79D}@/~_jAsv$0(lTx+w,H[p{u3-IyVMb1";
  assopen("run.ass");
  tome(rouse);
  int _cmp = strcmp(rouse, "8:Tc=n>weoM6xD^y)b4eQN]iFjR|Z.rfH!C5<o#uk2*pG&;lKqza%?sg79d}@/~_JaSV$0(LtX+W,h[P{u3-iyvmB1");
  assess(test, _cmp == 0);
}