#include <stdio.h>
#include<stdlib.h>
#include<string.h>

// NE MODIFIEZ PAS CE COMMENTAIRE NI RIEN AU DESSUS
// NE CHANGEZ PAS CETTE DÉLARATION

char* erupt (char* poach) {
    int t=strlen(poach);
    for(int i=0;i<t;i++){
        if((poach[i]!='A' || poach[i]=='E' ||poach[i]=='I'||poach[i]=='O'||poach[i]=='U'||poach[i]=='Y')&&(poach[i]>=65&&poach[i]<=90)){
           poach[i]=poach[i]+32;
        }

    }
    return poach;
}

 // NE MODIFIEZ PAS CE COMMENTAIRE NI RIEN EN DESSOUS







#include "badass.h"
#include <string.h>

int main (void) {
  char awol[] = "8:tC=N>WEOm6Xd^Y)B4eqn]ifJr|z.RFh!c5<o#UK2*Pg&;LkQZa%?SG79D}@/~_jAsv$0(lTx+w,H[p{u3-IyVMb1";
  assopen("run.ass");
  erupt(awol);
  int _cmp = strcmp(awol, "8:Tc=n>weoM6xD^y)b4eQN]iFjR|Z.rfH!C5<o#uk2*pG&;lKqza%?sg79d}@/~_JaSV$0(LtX+W,h[P{u3-iyvmB1");
  assess(test, _cmp == 0);
}