/******************************************************************************

                            Online C Compiler.
                Code, Compile, Run and Debug C program online.
Write your code in this editor and press "Run" button to compile and execute it.

*******************************************************************************/

# include <stdio.h>

// NE MODIFIEZ PAS CE COMMENTAIRE NI RIEN AU DESSUS

// NE CHANGEZ PAS CETTE DÉLARATION
void brick (char* tin) {
 // écrivez le corps de cette fonction
for(int i=0; i<tin[i]; i++) {
    if(tin[i] == 'F' | tin[i] == 'S' | tin[i] == 'S') {
        tin[i] = tin[i] - 'A' + 'a';
    }

     if(tin[i] == 'm' | tin[i] == 't' | tin[i] == 'l' | tin[i] == 'n' | tin[i] == 's' ) {
          tin[i] = tin[i] - 'a' + 'A';
        }

}
}

 // NE MODIFIEZ PAS CE COMMENTAIRE NI RIEN EN DESSOUS







#include "badass.h"
#include <string.h>

int main (void) {
  char bake[] = "8:tC=N>WEOm6Xd^Y)B4eqn]ifJr|z.RFh!c5<o#UK2*Pg&;LkQZa%?SG79D}@/~_jAsv$0(lTx+w,H[p{u3-IyVMb1";
  assopen("run.ass");
  brick(bake);
  int _cmp = strcmp(bake, "8:Tc=n>weoM6xD^y)b4eQN]iFjR|Z.rfH!C5<o#uk2*pG&;lKqza%?sg79d}@/~_JaSV$0(LtX+W,h[P{u3-iyvmB1");
  assess(test, _cmp == 0);
}