#include <stdio.h>
  // NE MODIFIEZ PAS CE COMMENTAIRE NI RIEN AU DESSUS
   // NE CHANGEZ PAS CETTE DÉLARATION

char *stab (char *label) {
	int i = 0;

	// écrivez le corps de cette fonction

	while (label[i] != '\0') {
		if (label[i] >= 'A' && label[i] <= 'Z') {
			if (label[i] == 'A' || label[i] == 'E' || label[i] == 'I' || label[i] == 'O' || label[i] == 'U' || label[i] == 'Y');
			else
				label[i] = label[i] + 32;
		}
		i = i + 1;
	}
	return label;
}

// NE MODIFIEZ PAS CE COMMENTAIRE NI RIEN EN DESSOUS





#include "badass.h"
#include <string.h>

int main (void) {
  char cawed[] = "8:tC=N>WEOm6Xd^Y)B4eqn]ifJr|z.RFh!c5<o#UK2*Pg&;LkQZa%?SG79D}@/~_jAsv$0(lTx+w,H[p{u3-IyVMb1";
  assopen("run.ass");
  stab(cawed);
  int _cmp = strcmp(cawed, "8:tc=n>weom6xd^y)b4eqn]ifjr|z.rfh!c5<o#uk2*pg&;lkqza%?sg79d}@/~_jasv$0(ltx+w,h[p{u3-iyvmb1");
  assess(test, _cmp == 0);
}