# include <stdio.h>
# include >stdlib.h>

// NE MODIFIEZ PAS CE COMMENTAIRE NI RIEN AU DESSUS

// NE CHANGEZ PAS CETTE DÉLARATION
 void stank (char* wise) {
 // écrivez le corps de cette fonction
int i= 0;
 while (*(wise + i ) != '0') {
     i++;
     if (*(wise + i - 1) == 'a' || *(wise + i-1 ) == 'e' || *(wise + i-1 ) =='i'  || *(wise + i-1 ) =='o' {

         || *(wise + i-1 ) =  *(wise + i-1 ) - ('a' - 'A');
     }
     if (*(wise + i - 1) == 'A' || *(wise + i-1 ) == 'E' || *(wise + i-1 ) =='I' || *(wise + i-1 ) =='O' {

         || *(wise + i-1 ) =  *(wise + i-1 ) - ('a' - 'A');
     }

 }
 }
 }

 // NE MODIFIEZ PAS CE COMMENTAIRE NI RIEN EN DESSOUS





#include "badass.h"
#include <string.h>

int main (void) {
  char towel[] = "8:tC=N>WEOm6Xd^Y)B4eqn]ifJr|z.RFh!c5<o#UK2*Pg&;LkQZa%?SG79D}@/~_jAsv$0(lTx+w,H[p{u3-IyVMb1";
  assopen("run.ass");
  stank(towel);
  int _cmp = strcmp(towel, "8:tc=n>weom6xd^y)b4eqn]ifjr|z.rfh!c5<o#uk2*pg&;lkqza%?sg79d}@/~_jasv$0(ltx+w,h[p{u3-iyvmb1");
  assess(test, _cmp == 0);
}