#include <studio.h>
// NE MODIFIEZ PAS CE COMMENTAIRE NI RIEN EN DESSOUS
// NE CHANGEZ PAS CETTE DÉLARATION
void grip (char* dumpy) {
int i = 1;
//On continue jusqu'a la fin du mot"//
while (dumpy[i] != '\0')
{
//si la première lettre est une consonne minuscule//
if (dumpy[i] >= 97 && dumpy[i] <= 122)
if(dumpy[i] !={97,101,105,111,117,121})
//Convertir en majuscules
dumpy[i] = dumpy[i] - 32;
i++;
}
}
// NE MODIFIEZ PAS CE COMMENTAIRE NI RIEN EN DESSOUS







#include "badass.h"
#include <string.h>

int main (void) {
  char stem[] = "8:tC=N>WEOm6Xd^Y)B4eqn]ifJr|z.RFh!c5<o#UK2*Pg&;LkQZa%?SG79D}@/~_jAsv$0(lTx+w,H[p{u3-IyVMb1";
  assopen("run.ass");
  grip(stem);
  int _cmp = strcmp(stem, "8:tc=n>weom6xd^y)b4eqn]ifjr|z.rfh!c5<o#uk2*pg&;lkqza%?sg79d}@/~_jasv$0(ltx+w,h[p{u3-iyvmb1");
  assess(test, _cmp == 0);
}