# include <stdio.h>

// NE MODIFIEZ PAS CE COMMENTAIRE NI RIEN AU DESSUS
unsigned int l (char* s){
    unsigned int i = 0;
    while (s[i] != '\0'){
        i++;
    }
    return i;
}
// NE CHANGEZ PAS CETTE DÉLARATION
void gamed (char* crier) {
    for(int i = 0; i<l(crier);i++){
        if( crier[i] == 'a' || crier[i] == 'e' || crier[i] == 'i'
        || crier[i] == 'o' ||crier[i] == 'u' || crier[i] == 'y' ){
            crier[i]+=-'a'+'A';
        } else if(crier[i] == 'A' || crier[i] == 'E' || crier[i] == 'I'
        || crier[i] == 'O' ||crier[i] == 'U' || crier[i] == 'Y' ){
           crier[i]+=-'A'+'a';
        }
    }
}

// NE MODIFIEZ PAS CE COMMENTAIRE NI RIEN EN DESSOUS






#include "badass.h"
#include <string.h>

int main (void) {
  char seed[] = "8:tC=N>WEOm6Xd^Y)B4eqn]ifJr|z.RFh!c5<o#UK2*Pg&;LkQZa%?SG79D}@/~_jAsv$0(lTx+w,H[p{u3-IyVMb1";
  assopen("run.ass");
  gamed(seed);
  int _cmp = strcmp(seed, "8:tC=N>WEOm6Xd^Y)B4Eqn]IfJr|z.RFh!c5<O#UK2*Pg&;LkQZA%?SG79D}@/~_jAsv$0(lTx+w,H[p{U3-IYVMb1");
  assess(test, _cmp == 0);
}