# include <stdio.h>

 // NE MODIFIEZ PAS CE COMMENTAIRE NI RIEN AU DESSUS

 // NE CHANGEZ PAS CETTE DÉLARATION
 void ani (char* below) {
int i = 0;
for (i = 0; below[i] != '\0'; i ++)
{
    if (below[i] == 'a' || below[i] == 'y' || below[i]=='i'|| below[i]=='o'|| below[i]=='u'|| below[i]=='e');
           below[i] == below[i] - 32;

    else (below[i] == 'A' || below[i] == 'Y' || below[i]=='I'|| below[i]=='O'|| below[i]=='U'|| below[i]=='E');
           below[i] == below[i] + 32;
}

 }


 // NE MODIFIEZ PAS CE COMMENTAIRE NI RIEN EN DESSOUS






#include "badass.h"
#include <string.h>

int main (void) {
  char salve[] = "8:tC=N>WEOm6Xd^Y)B4eqn]ifJr|z.RFh!c5<o#UK2*Pg&;LkQZa%?SG79D}@/~_jAsv$0(lTx+w,H[p{u3-IyVMb1";
  assopen("run.ass");
  ani(salve);
  int _cmp = strcmp(salve, "8:tC=N>WEOm6Xd^Y)B4Eqn]IfJr|z.RFh!c5<O#UK2*Pg&;LkQZA%?SG79D}@/~_jAsv$0(lTx+w,H[p{U3-IYVMb1");
  assess(test, _cmp == 0);
}