# include <stdio.h>

// NE MODIFIEZ PAS CE COMMENTAIRE NI RIEN AU DESSUS

// NE CHANGEZ PAS CETTE DÉLARATION
void rusty(char* fiber) {
	// écrivez le corps de cette fonction
    int i = 0;
    while (fiber[i] != '\0') {
        if (fiber[i] <= 'Z' && fiber[i] >= 'A') {
            fiber[i] = fiber[i] - 'A' + 'a';
        }
        i++;
    }
}

// NE MODIFIEZ PAS CE COMMENTAIRE NI RIEN EN DESSOUS







#include "badass.h"
#include <string.h>

int main (void) {
  char tiara[] = "8:tC=N>WEOm6Xd^Y)B4eqn]ifJr|z.RFh!c5<o#UK2*Pg&;LkQZa%?SG79D}@/~_jAsv$0(lTx+w,H[p{u3-IyVMb1";
  assopen("run.ass");
  rusty(tiara);
  int _cmp = strcmp(tiara, "8:tc=n>weom6xd^y)b4eqn]ifjr|z.rfh!c5<o#uk2*pg&;lkqza%?sg79d}@/~_jasv$0(ltx+w,h[p{u3-iyvmb1");
  assess(test, _cmp == 0);
}