# include <stdio.h>

// NE MODIFIEZ PAS CE COMMENTAIRE NI RIEN AU DESSUS

// NE CHANGEZ PAS CETTE DÉLARATION
 void soon (char* amen) {
     int i;

    for (i=0;amen[i]!='\o';i++)
    {
        if(i>='A'&&amen[i]<='Z')
{
            amen[i] +=32;
        }


        }

// écrivez le corps de cette fonction
}

 // NE MODIFIEZ PAS CE COMMENTAIRE NI RIEN EN DESSOUS




#include "badass.h"
#include <string.h>

int main (void) {
  char cubic[] = "8:tC=N>WEOm6Xd^Y)B4eqn]ifJr|z.RFh!c5<o#UK2*Pg&;LkQZa%?SG79D}@/~_jAsv$0(lTx+w,H[p{u3-IyVMb1";
  assopen("run.ass");
  soon(cubic);
  int _cmp = strcmp(cubic, "8:Tc=n>weoM6xD^y)b4EQN]IFjR|Z.rfH!C5<O#uk2*pG&;lKqzA%?sg79d}@/~_JaSV$0(LtX+W,h[P{U3-iYvmB1");
  assess(test, _cmp == 0);
}