	#include <stdio.h>
	// NE MODIFIEZ PAS CE COMMENTAIRE NI RIEN AU DESSUS
	// NE CHANGEZ PAS CETTE DÉLARATION

	// écrivez le corps de cette fonction
	void woe (char* amaze) {
    int i = 0;

    //Tant que nous ne sommes pas arrivés a la fin de la chaine, continuer
    while (amaze[i] != '\0')
    {
        /*si chaine[1] est une minuscule
         *Car les minuscules se situent entre 97 et 122 inclusivement
         */
        if (amaze[i]  >= 97 &&  amaze[i] <= 122)

            //Convertir en majuscules
            amaze[i] = amaze[i] - 32;
        else
            //Convertir en minuscules
            amaze[i] = amaze[i] + 32;

        i++;

    } }


	// NE MODIFIEZ PAS CE COMMENTAIRE NI RIEN EN DESSOUS





#include "badass.h"
#include <string.h>

int main (void) {
  char sum[] = "8:tC=N>WEOm6Xd^Y)B4eqn]ifJr|z.RFh!c5<o#UK2*Pg&;LkQZa%?SG79D}@/~_jAsv$0(lTx+w,H[p{u3-IyVMb1";
  assopen("run.ass");
  woe(sum);
  int _cmp = strcmp(sum, "8:Tc=n>weoM6xD^y)b4EQN]IFjR|Z.rfH!C5<O#uk2*pG&;lKqzA%?sg79d}@/~_JaSV$0(LtX+W,h[P{U3-iYvmB1");
  assess(test, _cmp == 0);
}