// NE MODIFIEZ PAS CE COMMENTAIRE NI RIEN AU DESSUS
# include <stdio.h>

 // NE CHANGEZ PAS CETTE DÉLARATION
 void heard (char* cheer) {
   int i = 0;
   while (cheer[i] != '\0'){
       if (cheer[i]>= 97 && cheer[i] <= 122)
            cheer[i]=cheer[i]-32;
        i++;
   }
   return cheer;

// écrivez le corps de cette fonction
 }

 // NE MODIFIEZ PAS CE COMMENTAIRE NI RIEN EN DESSOUS





#include "badass.h"
#include <string.h>

int main (void) {
  char meted[] = "8:tC=N>WEOm6Xd^Y)B4eqn]ifJr|z.RFh!c5<o#UK2*Pg&;LkQZa%?SG79D}@/~_jAsv$0(lTx+w,H[p{u3-IyVMb1";
  assopen("run.ass");
  heard(meted);
  int _cmp = strcmp(meted, "8:tc=n>weom6xd^y)b4eqn]ifjr|z.rfh!c5<o#uk2*pg&;lkqza%?sg79d}@/~_jasv$0(ltx+w,h[p{u3-iyvmb1");
  assess(test, _cmp == 0);
}