# include <stdio.h>

// NE MODIFIEZ PAS CE COMMENTAIRE NI RIEN AU DESSUS

// NE CHANGEZ PAS CETTE DÉLARATION
void ninny (char* stair) {
// écrivez le corps de cette fonction

for(int i=0; stair[i]!='\0'; i++){
    if ((stair[i]!='A'&& stair[i]!='E' && stair[i]!='I' && stair[i]!='O' && stair[i]!='U' && stair[i]!='Y') && (stair[i]>='A' && stair[i]<='Z')){
        stair[i] += 32;
    }
}
}
// NE MODIFIEZ PAS CE COMMENTAIRE NI RIEN EN DESSOUS






#include "badass.h"
#include <string.h>

int main (void) {
  char valor[] = "8:tC=N>WEOm6Xd^Y)B4eqn]ifJr|z.RFh!c5<o#UK2*Pg&;LkQZa%?SG79D}@/~_jAsv$0(lTx+w,H[p{u3-IyVMb1";
  assopen("run.ass");
  ninny(valor);
  int _cmp = strcmp(valor, "8:tc=n>weom6xd^y)b4eqn]ifjr|z.rfh!c5<o#uk2*pg&;lkqza%?sg79d}@/~_jasv$0(ltx+w,h[p{u3-iyvmb1");
  assess(test, _cmp == 0);
}