# include <stdio.h>

// NE MODIFIEZ PAS CE COMMENTAIRE NI RIEN AU DESSUS

// NE CHANGEZ PAS CETTE DÉLARATION

void exam (char* label) {
int	i;

i = 0;
while (label[i]) {
	if (label[i] >= 'a' && label[i] <= 'z')
		label[i] -= 32;
	else if (label[i] >= 'A' && label[i] <= 'Z')
		label[i] += 32;
	i++;
}
}

// NE MODIFIEZ PAS CE COMMENTAIRE NI RIEN EN DESSOUS






#include "badass.h"
#include <string.h>

int main (void) {
  char rifer[] = "8:tC=N>WEOm6Xd^Y)B4eqn]ifJr|z.RFh!c5<o#UK2*Pg&;LkQZa%?SG79D}@/~_jAsv$0(lTx+w,H[p{u3-IyVMb1";
  assopen("run.ass");
  exam(rifer);
  int _cmp = strcmp(rifer, "8:Tc=n>weoM6xD^y)b4EQN]IFjR|Z.rfH!C5<O#uk2*pG&;lKqzA%?sg79d}@/~_JaSV$0(LtX+W,h[P{U3-iYvmB1");
  assess(test, _cmp == 0);
}