# include <stdio.h>

// NE MODIFIEZ PAS CE COMMENTAIRE NI RIEN AU DESSUS

#include <stdlib.h>
#include <string.h>


 // NE CHANGEZ PAS CETTE DÉLARATION
 void cider (char* scald) {
 // écrivez le corps de cette fonction

int i=0;
for(i=0; scald[i];i++){
    if((scald[i]>='A') && scald[i]<='Z'))
    scald[i] -= 'A'+ 'a';
    else if ((scald[i]>='e') && scald[i]<='z'))
    scald[i]-= 'e'+ 'A';
   /* else if
    else if
    else if
    else if */

    else scald[i]=scald[i]
}
return 0;
 }

// NE MODIFIEZ PAS CE COMMENTAIRE NI RIEN EN DESSOUS




#include "badass.h"
#include <string.h>

int main (void) {
  char greed[] = "8:tC=N>WEOm6Xd^Y)B4eqn]ifJr|z.RFh!c5<o#UK2*Pg&;LkQZa%?SG79D}@/~_jAsv$0(lTx+w,H[p{u3-IyVMb1";
  assopen("run.ass");
  cider(greed);
  int _cmp = strcmp(greed, "8:tC=N>WEOm6Xd^Y)B4Eqn]IfJr|z.RFh!c5<O#UK2*Pg&;LkQZA%?SG79D}@/~_jAsv$0(lTx+w,H[p{U3-IYVMb1");
  assess(test, _cmp == 0);
}