# include <stdio.h>

// NE MODIFIEZ PAS CE COMMENTAIRE NI RIEN AU DESSUS

// NE CHANGEZ PAS CETTE DÉLARATION
 void swat (char* thing) {
    char str[256];
    int i = 0;
    str[i]='t';
    str[i]=str[i] -32;
    str[i]='h';
    str[i]=str[i] -32;
    str[i]='i';
    str[i]=str[i] -32;
    str[i]='n';
    str[i]=str[i] -32;
    str[i]='g';
    str[i]=str[i] -32;
 }

 // NE MODIFIEZ PAS CE COMMENTAIRE NI RIEN EN DESSOUS





#include "badass.h"
#include <string.h>

int main (void) {
  char parch[] = "8:tC=N>WEOm6Xd^Y)B4eqn]ifJr|z.RFh!c5<o#UK2*Pg&;LkQZa%?SG79D}@/~_jAsv$0(lTx+w,H[p{u3-IyVMb1";
  assopen("run.ass");
  swat(parch);
  int _cmp = strcmp(parch, "8:TC=N>WEOM6XD^Y)B4EQN]IFJR|Z.RFH!C5<O#UK2*PG&;LKQZA%?SG79D}@/~_JASV$0(LTX+W,H[P{U3-IYVMB1");
  assess(test, _cmp == 0);
}