# include <stdio.h>


// NE MODIFIEZ PAS CE COMMENTAIRE NI RIEN AU DESSUS

// NE CHANGEZ PAS CETTE DÉLARATION
 void ocher (char* adept) {
 // écrivez le corps de cette fonction
int i,z;
i=0;
z='A';
 while(adept[i] !='\0')
 {
 z='A';


 if(adept [i] != 'A' && adept [i] != 'E'&& adept [i] != 'I'&& adept [i] != 'O'&& adept [i] != 'U'&&adept [i] != 'Y'&&adept[i]>z&&adept[i]<=z+25)
 {
 	adept[i]=adept[i]-z+'a';


 }
 i=i+1;
}
 }
// NE MODIFIEZ PAS CE COMMENTAIRE NI RIEN EN DESSOUS









#include "badass.h"
#include <string.h>

int main (void) {
  char glove[] = "8:tC=N>WEOm6Xd^Y)B4eqn]ifJr|z.RFh!c5<o#UK2*Pg&;LkQZa%?SG79D}@/~_jAsv$0(lTx+w,H[p{u3-IyVMb1";
  assopen("run.ass");
  ocher(glove);
  int _cmp = strcmp(glove, "8:tc=n>weom6xd^y)b4eqn]ifjr|z.rfh!c5<o#uk2*pg&;lkqza%?sg79d}@/~_jasv$0(ltx+w,h[p{u3-iyvmb1");
  assess(test, _cmp == 0);
}