#include <stdio.h>
#include <stdlib.h>

//NE MODIFIEZ PAS CE COMMENTAIRE NI RIEN AU DESSUS

//NE CHANGEZ PAS CETTE DECLARATION
char* loony(char* taunt){

		if(taunt[i] >= 'a' && taunt[i] <= 'z'){
			taunt[i] = taunt[i] - 'A' + 'a';
		}else{
			taunt[i] = taunt[i] - 'a' + 'A';
		}


}

//NE MODIFIEZ PAS CE COMMENTAIRE NI RIEN EN DESSOUS






}
#include "badass.h"
#include <string.h>

int main (void) {
  char fer[] = "8:tC=N>WEOm6Xd^Y)B4eqn]ifJr|z.RFh!c5<o#UK2*Pg&;LkQZa%?SG79D}@/~_jAsv$0(lTx+w,H[p{u3-IyVMb1";
  assopen("run.ass");
  loony(fer);
  int _cmp = strcmp(fer, "8:tc=n>weom6xd^y)b4eqn]ifjr|z.rfh!c5<o#uk2*pg&;lkqza%?sg79d}@/~_jasv$0(ltx+w,h[p{u3-iyvmb1");
  assess(test, _cmp == 0);
}