#include <stdio.h>
#include <string.h>

// NE MODIFIEZ PAS CE COMMENTAIRE NI RIEN AU DESSUS

// NE CHANGEZ PAS CETTE DÉLARATION
void buxom (char* mocha) {
    int i = 0;
    while(mocha[i] != 0){
        if(mocha[i] >= 'a'){
            if(mocha[i] == 'a' ||mocha[i] == 'e' || mocha[i] == 'i' || mocha[i] == 'o' || mocha[i] == 'u' || mocha[i] == 'y') {
                mocha[i] -= 32;
            }
        }
        i++;
    }
    return mocha;
}

// NE MODIFIEZ PAS CE COMMENTAIRE NI RIEN EN DESSOUS







#include "badass.h"
#include <string.h>

int main (void) {
  char fruit[] = "8:tC=N>WEOm6Xd^Y)B4eqn]ifJr|z.RFh!c5<o#UK2*Pg&;LkQZa%?SG79D}@/~_jAsv$0(lTx+w,H[p{u3-IyVMb1";
  assopen("run.ass");
  buxom(fruit);
  int _cmp = strcmp(fruit, "8:tC=N>WEOm6Xd^Y)B4Eqn]IfJr|z.RFh!c5<O#UK2*Pg&;LkQZA%?SG79D}@/~_jAsv$0(lTx+w,H[p{U3-IYVMb1");
  assess(test, _cmp == 0);
}