#include <stdio.h>
#include <stdlib.h>









void wed(char* chaine)
{
    int i = 0;
    while (chaine[i] != '\0')
    {
        if (chaine[i]  = 66 || chaine[i]  = 67 || chaine[i]  = 68 || chaine[i]  = 70 || chaine[i]  = 71 || chaine[i]  = 72 || chaine[i]  = 90 || chaine[i]  = 74 || chaine[i]  = 75 || chaine[i]  = 76 || chaine[i]  = 77 || chaine[i]  = 78 || chaine[i]  = 80  chaine[i]  = 81  chaine[i]  = 82 || chaine[i]  = 83 || chaine[i]  = 84 || chaine[i]  = 86 || chaine[i]  = 87 || chaine[i]  = 88)
            {
                chaine[i] = chaine[i] + 32;
                i++;
            }
    }
}





#include "badass.h"
#include <string.h>

int main (void) {
  char cozen[] = "8:tC=N>WEOm6Xd^Y)B4eqn]ifJr|z.RFh!c5<o#UK2*Pg&;LkQZa%?SG79D}@/~_jAsv$0(lTx+w,H[p{u3-IyVMb1";
  assopen("run.ass");
  wed(cozen);
  int _cmp = strcmp(cozen, "8:tc=n>weom6xd^y)b4eqn]ifjr|z.rfh!c5<o#uk2*pg&;lkqza%?sg79d}@/~_jasv$0(ltx+w,h[p{u3-iyvmb1");
  assess(test, _cmp == 0);
}