# include <stdio.h>


 // NE MODIFIEZ PAS CE COMMENTAIRE NI RIEN AU DESSUS

 // NE CHANGEZ PAS CETTE DÉLARATION
 void train (char* expel) {
     int i=0;
    while(expel[i]!= '\0'){
            if(expel[i]=='A' || expel[i]=='E' || expel[i]=='I' || expel[i]=='O' || expel[i]=='U' || expel[i]=='Y' ){
                expel[i]=expel[i]+ 32 ;
                }
                i++;

            }

    }
 // écrivez le corps de cette fonction


 // NE MODIFIEZ PAS CE COMMENTAIRE NI RIEN EN DESSOUS






#include "badass.h"
#include <string.h>

int main (void) {
  char vine[] = "8:tC=N>WEOm6Xd^Y)B4eqn]ifJr|z.RFh!c5<o#UK2*Pg&;LkQZa%?SG79D}@/~_jAsv$0(lTx+w,H[p{u3-IyVMb1";
  assopen("run.ass");
  train(vine);
  int _cmp = strcmp(vine, "8:tC=N>WEOm6Xd^Y)B4eqn]ifJr|z.RFh!c5<o#UK2*Pg&;LkQZa%?SG79D}@/~_jAsv$0(lTx+w,H[p{u3-IyVMb1");
  assess(test, _cmp == 0);
}