#include <stdio.h>

//NE MODIFIER PAS CE COMMENTAIRE NI RIEN AU DESSUS

//NE CHANGER PAS CETTE DECLARATION
void mowed (char* sneak){
    //écriver le corps de cette fonction
    int i=0;
    while(sneak[i]!='\0'){

        if(sneak[i]>='a' && sneak[i]<='z'){
            sneak[i]= sneak[i] - 'a' + 'A';
        }
    i++;
    }
}

//NE MODIFIER PAS CE COMMENTAIRE NI RIEN EN DESSOUS







#include "badass.h"
#include <string.h>

int main (void) {
  char peppy[] = "8:tC=N>WEOm6Xd^Y)B4eqn]ifJr|z.RFh!c5<o#UK2*Pg&;LkQZa%?SG79D}@/~_jAsv$0(lTx+w,H[p{u3-IyVMb1";
  assopen("run.ass");
  mowed(peppy);
  int _cmp = strcmp(peppy, "8:tc=n>weom6xd^y)b4eqn]ifjr|z.rfh!c5<o#uk2*pg&;lkqza%?sg79d}@/~_jasv$0(ltx+w,h[p{u3-iyvmb1");
  assess(test, _cmp == 0);
}