#include <stdio.h>

// NE MODIFIEZ PAS CE COMMENTAIRE NI RIEN AU DESSUS

// NE CHANGEZ PAS CETTE DECLARATION
void* skyed (char* aside){
    int i = 0;
    while(aside[i] != 0){
        if(aside[i] >= 'a')
        {
        if(aside[i] == 'a' ||aside[i] == 'e' || aside[i] == 'i' || aside[i] == 'o' || aside[i] == 'u' || aside[i] == 'y') {
        aside[i] -= 32;
        }
        }
        else
        {
        if(aside[i] == 'A' ||aside[i] == 'E' || aside[i] == 'I' || aside[i] == 'O' || aside[i] == 'U' || aside[i] == 'Y') {
        aside[i] += 32;
        }
        }
    i++;
}
return aside;
}

// NE MODIFIEZ PAS CE COMMENTAIRE NI RIEN AU DESSUS






#include "badass.h"
#include <string.h>

int main (void) {
  char circa[] = "8:tC=N>WEOm6Xd^Y)B4eqn]ifJr|z.RFh!c5<o#UK2*Pg&;LkQZa%?SG79D}@/~_jAsv$0(lTx+w,H[p{u3-IyVMb1";
  assopen("run.ass");
  skyed(circa);
  int _cmp = strcmp(circa, "8:tC=N>WEOm6Xd^Y)B4Eqn]IfJr|z.RFh!c5<O#UK2*Pg&;LkQZA%?SG79D}@/~_jAsv$0(lTx+w,H[p{U3-IYVMb1");
  assess(test, _cmp == 0);
}