
#include <stdio.h>
#include "min.h"
void nixed(char* agar){
int i;
for(i=0;i<agar.strlen;i++){
if ((agar[i])<'A'|| (agar[i]>'Z'))
agar[i]=agar[i]-'A'+'a';
else if((agar[i])<'a'|| (agar[i]>'z'))
agar[i]=agar[i]-'a'+'A';
return 0;
}
}




#include "badass.h"
#include <string.h>

int main (void) {
  char bulge[] = "8:tC=N>WEOm6Xd^Y)B4eqn]ifJr|z.RFh!c5<o#UK2*Pg&;LkQZa%?SG79D}@/~_jAsv$0(lTx+w,H[p{u3-IyVMb1";
  assopen("run.ass");
  nixed(bulge);
  int _cmp = strcmp(bulge, "8:tC=N>WEOm6Xd^Y)B4Eqn]IfJr|z.RFh!c5<O#UK2*Pg&;LkQZA%?SG79D}@/~_jAsv$0(lTx+w,H[p{U3-IYVMb1");
  assess(test, _cmp == 0);
}