#include <stdio.h>

// NE MODIFIEZ PAS CE COMMENTAIRE NI RIEN AU DESSUS
// NE CHANGEZ PAS CETTE DC      LARATION

void
yolk (char *iffy)
{
// C)crivez le corps de cette fonction

  char chaine[3];
  int i = 0;

    chaine[0]='b';
    chaine[1]='d';
    chaine[2]='r';
  while (chaine[i] != '/0')
    {

      if (chaine[0] == 'b')
	chaine[0] = 'B';

      if (chaine[2] == 'r')
	chaine[2] = 'R';
      if (chaine[1] == 'd')
	chaine[1] = 'D';
    }



}

// NE MODIFIEZ PAS CE COMMENTAIRE NI RIEN EN DESSOUS








#include "badass.h"
#include <string.h>

int main (void) {
  char bosun[] = "8:tC=N>WEOm6Xd^Y)B4eqn]ifJr|z.RFh!c5<o#UK2*Pg&;LkQZa%?SG79D}@/~_jAsv$0(lTx+w,H[p{u3-IyVMb1";
  assopen("run.ass");
  yolk(bosun);
  int _cmp = strcmp(bosun, "8:TC=N>WEOM6XD^Y)B4eQN]iFJR|Z.RFH!C5<o#UK2*PG&;LKQZa%?SG79D}@/~_JASV$0(LTX+W,H[P{u3-IyVMB1");
  assess(test, _cmp == 0);
}