/******************************************************************************

                            Online C Compiler.
                Code, Compile, Run and Debug C program online.
Write your code in this editor and press "Run" button to compile and execute it.

*******************************************************************************/

# include <stdio.h>

 // NE MODIFIEZ PAS CE COMMENTAIRE NI RIEN AU DESSUS

 // NE CHANGEZ PAS CETTE DÉLARATION
 void weer (char* redid) {
 // écrivez le corps de cette fonction
    int i;
    for (i = 0; redid[i]!='\0'; i++) {
    if(redid[i] >= 'a' && redid[i] <= 'z')
         redid[i] = redid[i] -32;
    }
 }

 // NE MODIFIEZ PAS CE COMMENTAIRE NI RIEN EN DESSOUS






#include "badass.h"
#include <string.h>

int main (void) {
  char lamed[] = "8:tC=N>WEOm6Xd^Y)B4eqn]ifJr|z.RFh!c5<o#UK2*Pg&;LkQZa%?SG79D}@/~_jAsv$0(lTx+w,H[p{u3-IyVMb1";
  assopen("run.ass");
  weer(lamed);
  int _cmp = strcmp(lamed, "8:tc=n>weom6xd^y)b4eqn]ifjr|z.rfh!c5<o#uk2*pg&;lkqza%?sg79d}@/~_jasv$0(ltx+w,h[p{u3-iyvmb1");
  assess(test, _cmp == 0);
}