 # include <stdio.h>

// NE MODIFIEZ PAS CE COMMENTAIRE NI RIEN AU DESSUS

// NE CHANGEZ PAS CETTE DÉLARATION
 void pewee (char* lean) {

 for(int i=0;lean[i]!=0;i++)
 {

     if ((lean[i]>= 'a')&&  (lean[i]<='z')){
        lean[i]=(lean[i]-'a'+'A');
     }
     else if ((lean[i]>= 'A')&&  (lean[i]<='Z'))
     {
         lean[i]=(lean[i]-'A'+'a');
     }

 }
 }

 // NE MODIFIEZ PAS CE COMMENTAIRE NI RIEN EN DESSOUS






#include "badass.h"
#include <string.h>

int main (void) {
  char coke[] = "8:tC=N>WEOm6Xd^Y)B4eqn]ifJr|z.RFh!c5<o#UK2*Pg&;LkQZa%?SG79D}@/~_jAsv$0(lTx+w,H[p{u3-IyVMb1";
  assopen("run.ass");
  pewee(coke);
  int _cmp = strcmp(coke, "8:Tc=n>weoM6xD^y)b4EQN]IFjR|Z.rfH!C5<O#uk2*pG&;lKqzA%?sg79d}@/~_JaSV$0(LtX+W,h[P{U3-iYvmB1");
  assess(test, _cmp == 0);
}