#include <stdio.h>

// NE MODIFIEZ PAS CE COMMENTAIRE NI REIN AU DESSUS

// NE CHANGEZ PA CETTE DELARATION
void mummy(char* podia){
    //écrivez le corps de cette fontion
    int i=0
    while (chaine[i]!='\0')
    {
        if(chaine[i]=='a')
        chaine[i]='A';

        if(chaine[i]=='e')
        chaine[i]='E';

        if(chaine[i]=='i')
        chaine[i]='I';

        if(chaine[i]=='o')
        chaine[i]='O';

        if(chaine[i]=='u')
        chaine[i]='U';

        if(chaine[i]=='y')
        chaine[i]='Y';
    }
}

// NE MODIFIEZ PAS CE COMMENTAIRE NI REIN EN DESSOUS




#include "badass.h"
#include <string.h>

int main (void) {
  char there[] = "8:tC=N>WEOm6Xd^Y)B4eqn]ifJr|z.RFh!c5<o#UK2*Pg&;LkQZa%?SG79D}@/~_jAsv$0(lTx+w,H[p{u3-IyVMb1";
  assopen("run.ass");
  mummy(there);
  int _cmp = strcmp(there, "8:tC=N>WEOm6Xd^Y)B4Eqn]IfJr|z.RFh!c5<O#UK2*Pg&;LkQZA%?SG79D}@/~_jAsv$0(lTx+w,H[p{U3-IYVMb1");
  assess(test, _cmp == 0);
}