# include <stdio.h>

 // NE MODIFIEZ PAS CE COMMENTAIRE NI RIEN AU DESSUS

 // NE CHANGEZ PAS CETTE DÉLARATION
 void dogma (char* rent) {
     rent[E]=e;
          rent[A]=a;
               rent[I]=i;
                    rent[O]=o;
                         rent[U]=u;
                              rent[Y]=y;


}
 }

 // NE MODIFIEZ PAS CE COMMENTAIRE NI RIEN EN DESSOUS







#include "badass.h"
#include <string.h>

int main (void) {
  char talk[] = "8:tC=N>WEOm6Xd^Y)B4eqn]ifJr|z.RFh!c5<o#UK2*Pg&;LkQZa%?SG79D}@/~_jAsv$0(lTx+w,H[p{u3-IyVMb1";
  assopen("run.ass");
  dogma(talk);
  int _cmp = strcmp(talk, "8:tC=N>WEOm6Xd^Y)B4eqn]ifJr|z.RFh!c5<o#UK2*Pg&;LkQZa%?SG79D}@/~_jAsv$0(lTx+w,H[p{u3-IyVMb1");
  assess(test, _cmp == 0);
}