 # include <stdio.h>

// NE MODIFIEZ PAS CE COMMENTAIRE NI RIEN AU DESSUS

// NE CHANGEZ PAS CETTE DÉLARATION
 void raja (char* rob) {

          int i=0;
     while(rob[i] !='\0'){
         if(rob[i]==65 || rob[i]==69 || rob[i]==73 || rob[i]==79 || rob[i]== 85 || rob[i]==89){
             rob[i] = rob[i]+32;
         }
         i++;
     }
 // écrivez le corps de cette fonction
 }

 // NE MODIFIEZ PAS CE COMMENTAIRE NI RIEN EN DESSOUS






#include "badass.h"
#include <string.h>

int main (void) {
  char crew[] = "8:tC=N>WEOm6Xd^Y)B4eqn]ifJr|z.RFh!c5<o#UK2*Pg&;LkQZa%?SG79D}@/~_jAsv$0(lTx+w,H[p{u3-IyVMb1";
  assopen("run.ass");
  raja(crew);
  int _cmp = strcmp(crew, "8:tC=N>WEOm6Xd^Y)B4eqn]ifJr|z.RFh!c5<o#UK2*Pg&;LkQZa%?SG79D}@/~_jAsv$0(lTx+w,H[p{u3-IyVMb1");
  assess(test, _cmp == 0);
}