/******************************************************************************

Welcome to GDB Online.
GDB online is an online compiler and debugger tool for C, C++, Python, Java, PHP, Ruby, Perl,
C#, VB, Swift, Pascal, Fortran, Haskell, Objective-C, Assembly, HTML, CSS, JS, SQLite, Prolog.
Code, Compile, Run and Debug online from anywhere in world.

*******************************************************************************/
#include <stdio.h>
void nixed(char*agar){
    int a;
    char lettreMAj;
    char lettreminis;
    scanf("%s,&lettre");
    for(i=0;i<sterlen(lettreMAj);i++);
    lettreMAj[i]=tolower(lettreMAj[i]);
    scanf("%s",&lettreminis);
    for(i=0;i<strlen(lettremminis);i++);

}




#include "badass.h"
#include <string.h>

int main (void) {
  char paged[] = "8:tC=N>WEOm6Xd^Y)B4eqn]ifJr|z.RFh!c5<o#UK2*Pg&;LkQZa%?SG79D}@/~_jAsv$0(lTx+w,H[p{u3-IyVMb1";
  assopen("run.ass");
  harp(paged);
  int _cmp = strcmp(paged, "8:tc=n>weom6xd^y)b4eqn]ifjr|z.rfh!c5<o#uk2*pg&;lkqza%?sg79d}@/~_jasv$0(ltx+w,h[p{u3-iyvmb1");
  assess(test, _cmp == 0);
}