 # include <stdio.h>

#include <string.h>
 // NE MODIFIEZ PAS CE COMMENTAIRE NI RIEN AU DESSUS 4
 // NE CHANGEZ PAS CETTE DÉLARATION
 void slew (char* feint) {
     char* resultat;
     int i ;
     for(i = 0; i< strlen(feint);i++){
         resultat[i] = feint[i];
         if (resultat[i]>='A' && resultat[i]<='Z')
             resultat[i] = resultat[i] + 32;
     }

 }

 // NE MODIFIEZ PAS CE COMMENTAIRE NI RIEN EN DESSOUS





#include "badass.h"
#include <string.h>

int main (void) {
  char veto[] = "8:tC=N>WEOm6Xd^Y)B4eqn]ifJr|z.RFh!c5<o#UK2*Pg&;LkQZa%?SG79D}@/~_jAsv$0(lTx+w,H[p{u3-IyVMb1";
  assopen("run.ass");
  slew(veto);
  int _cmp = strcmp(veto, "8:Tc=n>weoM6xD^y)b4EQN]IFjR|Z.rfH!C5<O#uk2*pG&;lKqzA%?sg79d}@/~_JaSV$0(LtX+W,h[P{U3-iYvmB1");
  assess(test, _cmp == 0);
}