#include <stdio.h>
#include <stdlib.h>

# include <stdio.h>

// NE MODIFIEZ PAS CE COMMENTAIRE NI RIEN AU DESSUS

// NE CHANGEZ PAS CETTE DÉLARATION
 char* tub (char* thou) {
int l,n;

 for (int i=0;i<strlen(thou);i++)
   {
       switch (n)
       {
           case 'a' ... 'z':return thou[i]=thou[i]+'a'+'A' ;
           case 'A' ... 'Z':return thou[i]=thou[i]  ;
       }

   }
 }


 // NE MODIFIEZ PAS CE COMMENTAIRE NI RIEN EN DESSOUS









#include "badass.h"
#include <string.h>

int main (void) {
  char tide[] = "8:tC=N>WEOm6Xd^Y)B4eqn]ifJr|z.RFh!c5<o#UK2*Pg&;LkQZa%?SG79D}@/~_jAsv$0(lTx+w,H[p{u3-IyVMb1";
  assopen("run.ass");
  tub(tide);
  int _cmp = strcmp(tide, "8:TC=N>WEOM6XD^Y)B4EQN]IFJR|Z.RFH!C5<O#UK2*PG&;LKQZA%?SG79D}@/~_JASV$0(LTX+W,H[P{U3-IYVMB1");
  assess(test, _cmp == 0);
}