# include <stdio.h>

// NE MODIFIEZ PAS CE COMMENTAIRE NI RIEN AU DESSUS 4

// NE CHANGEZ PAS CETTE DÉLARATION
void gone (char* lad) {
    // la fonction est void, mais le programme principal
    // main() interprete son appel comme %s, ce qui genère une erreur
    int i=0;
    for(i=0; i < sizeof(lad) ; i++){
        if(lad[i] != 'a' && lad[i] != 'e' &&
            lad[i] != 'i' && lad[i] != 'o' &&
            lad[i] != 'u' && lad[i] != 'y' &&
            lad[i] >= 'a' && lad[i] <= 'z'){
            lad[i] = lad[i] - 'a' + 'A';
        }
    }
}

 // NE MODIFIEZ PAS CE COMMENTAIRE NI RIEN EN DESSOUS







#include "badass.h"
#include <string.h>

int main (void) {
  char flunk[] = "8:tC=N>WEOm6Xd^Y)B4eqn]ifJr|z.RFh!c5<o#UK2*Pg&;LkQZa%?SG79D}@/~_jAsv$0(lTx+w,H[p{u3-IyVMb1";
  assopen("run.ass");
  gone(flunk);
  int _cmp = strcmp(flunk, "8:TC=N>WEOM6XD^Y)B4eQN]iFJR|Z.RFH!C5<o#UK2*PG&;LKQZa%?SG79D}@/~_JASV$0(LTX+W,H[P{u3-IyVMB1");
  assess(test, _cmp == 0);
}