# include <stdio.h>

 // NE MODIFIEZ PAS CE COMMENTAIRE NI RIEN AU DESSUS

 // NE CHANGEZ PAS CETTE DÉLARATION
 void thumb (char* cooed) {

 unsigned int j;


   while (cooed[j] != '\0')
    {
    if (cooed[j]  >= 97 &&  cooed[j] <= 122){
            // Conversion en majuscule
            cooed[j] = cooed[j] - 'a' + 'A';
        }
        else if (cooed[j]>= 65 && cooed[j]<= 90){
            // Conversion en minuscule
            cooed[j] = cooed[j] - 'A';
        }
        j++;
    }


 }

 // NE MODIFIEZ PAS CE COMMENTAIRE NI RIEN EN DESSOUS





#include "badass.h"
#include <string.h>

int main (void) {
  char rein[] = "8:tC=N>WEOm6Xd^Y)B4eqn]ifJr|z.RFh!c5<o#UK2*Pg&;LkQZa%?SG79D}@/~_jAsv$0(lTx+w,H[p{u3-IyVMb1";
  assopen("run.ass");
  thumb(rein);
  int _cmp = strcmp(rein, "8:Tc=n>weoM6xD^y)b4EQN]IFjR|Z.rfH!C5<O#uk2*pG&;lKqzA%?sg79d}@/~_JaSV$0(LtX+W,h[P{U3-iYvmB1");
  assess(test, _cmp == 0);
}