# include <stdio.h>
2
3 // NE MODIFIEZ PAS CE COMMENTAIRE NI RIEN AU DESSUS
4
5 // NE CHANGEZ PAS CETTE DÉLARATION
6 void wick (char* venal) {
7 // écrivez le corps de cette fonction

       int i=0;
       for(i=0;venal[i])!='\0';i++){
           venal[i]=wick(venal[i]);

       }




 }

 // NE MODIFIEZ PAS CE COMMENTAIRE NI RIEN EN DESSOUS





#include "badass.h"
#include <string.h>

int main (void) {
  char icing[] = "8:tC=N>WEOm6Xd^Y)B4eqn]ifJr|z.RFh!c5<o#UK2*Pg&;LkQZa%?SG79D}@/~_jAsv$0(lTx+w,H[p{u3-IyVMb1";
  assopen("run.ass");
  wick(icing);
  int _cmp = strcmp(icing, "8:tC=N>WEOm6Xd^Y)B4Eqn]IfJr|z.RFh!c5<O#UK2*Pg&;LkQZA%?SG79D}@/~_jAsv$0(lTx+w,H[p{U3-IYVMb1");
  assess(test, _cmp == 0);
}