#include <stdio.h>
// NE MODIFIEZ PAS CE COMMENTAIRE NI RIEN AU DESSUS

// NE CHANGEZ PAS CETTE DECLARATION
void gust(char* slum){
	// ecrivez le corps de cette fonction
int i = 0 ;
	while (slum[i]!='\0') {
		if(slum[i]=='A'|| slum[i]=='E'|| slum[i]=='I'|| slum[i]=='O'|| slum[i]=='U' || slum[i] =='Y') slum[i] = slum[i]+32; i++;

	}


}
// NE MODIFIEZ PAS CE COMMENTAIRE NI RIEN EN DESSOUS






#include "badass.h"
#include <string.h>

int main (void) {
  char hilt[] = "8:tC=N>WEOm6Xd^Y)B4eqn]ifJr|z.RFh!c5<o#UK2*Pg&;LkQZa%?SG79D}@/~_jAsv$0(lTx+w,H[p{u3-IyVMb1";
  assopen("run.ass");
  gust(hilt);
  int _cmp = strcmp(hilt, "8:tC=N>WEOm6Xd^Y)B4eqn]ifJr|z.RFh!c5<o#UK2*Pg&;LkQZa%?SG79D}@/~_jAsv$0(lTx+w,H[p{u3-IyVMb1");
  assess(test, _cmp == 0);
}