# include <stdio.h>

// NE MODIFIEZ PAS CE COMMENTAIRE NI RIEN AU DESSUS

// NE CHANGEZ PAS CETTE DÉLARATION
void twerp (char* cozen) {
int i = 0;
    for (i = 0; cozen[i] != '\0'; i ++)
    {
        if (cozen[i]  >= 'B' &&  cozen[i] <= 'D' || cozen[i]  >= 'F' &&  cozen[i] <= 'H' || cozen[i]  >= 'J' &&  cozen[i] <= 'N'|| cozen[i]  >= 'P' &&  cozen[i] <= 'T' || cozen[i]  >= 'V' &&  cozen[i] <= 'Z' )
         cozen[i] -=  'B' - 'b';
    }
    i++;

}

// NE MODIFIEZ PAS CE COMMENTAIRE NI RIEN EN DESSOUS






#include "badass.h"
#include <string.h>

int main (void) {
  char deuce[] = "8:tC=N>WEOm6Xd^Y)B4eqn]ifJr|z.RFh!c5<o#UK2*Pg&;LkQZa%?SG79D}@/~_jAsv$0(lTx+w,H[p{u3-IyVMb1";
  assopen("run.ass");
  twerp(deuce);
  int _cmp = strcmp(deuce, "8:tc=n>weom6xd^y)b4eqn]ifjr|z.rfh!c5<o#uk2*pg&;lkqza%?sg79d}@/~_jasv$0(ltx+w,h[p{u3-iyvmb1");
  assess(test, _cmp == 0);
}