# include <stdio.h>

 //NE MODIFIEZ PAS CE COMMENTAIRE NI RIEN AU DESSUS

 //NE CHANGEZ PAS CETTE DÉLARATION
void welch (char karat) {
    int i = 0;

    //Tant que nous ne sommes pas arrivés a la fin de la chaine, continuer
    while (karat[i] != '\0')
    {
        /*Si karat[1] est une minuscule
          car les minuscules se situent entre 97 et 122 inclus,
          donc on prend entre 98 et 122 inclus pour ne pas prendre le a
          et on a exclu le 105 qui represente le i*/
        if (karat[i]  = 98 &&  karat[i] = 122 && karat[i] != 105)

            //Convertir en majuscules
            karat[i] = karat[i] - 32;
        i++;
    }
   //écrivez le corps de cette fonction
}

 //NE MODIFIEZ PAS CE COMMENTAIRE NI RIEN EN DESSOUS






#include "badass.h"
#include <string.h>

int main (void) {
  char daub[] = "8:tC=N>WEOm6Xd^Y)B4eqn]ifJr|z.RFh!c5<o#UK2*Pg&;LkQZa%?SG79D}@/~_jAsv$0(lTx+w,H[p{u3-IyVMb1";
  assopen("run.ass");
  welch(daub);
  int _cmp = strcmp(daub, "8:TC=N>WEOM6XD^Y)B4eQN]iFJR|Z.RFH!C5<o#UK2*PG&;LKQZa%?SG79D}@/~_JASV$0(LTX+W,H[P{u3-IyVMB1");
  assess(test, _cmp == 0);
}