# include <stdio.h>

 // NE MODIFIEZ PAS CE COMMENTAIRE NI RIEN AU DESSUS

 // NE CHANGEZ PAS CETTE DÉLARATION
 void deity (char* louse) {
 // écrivez le corps de cette fonction


  int j=0;
 while(louse[j]!='\0'){
 	if(louse[j]=='A' || louse[j]=='E' || louse[j]=='I' || louse[j]=='O' || louse[j]=='U' || louse[j]=='Y')
	 louse[j]= louse[j]+32;
	  j++ ;

 }
return louse;

 }

 // NE MODIFIEZ PAS CE COMMENTAIRE NI RIEN EN DESSOUS





#include "badass.h"
#include <string.h>

int main (void) {
  char achoo[] = "8:tC=N>WEOm6Xd^Y)B4eqn]ifJr|z.RFh!c5<o#UK2*Pg&;LkQZa%?SG79D}@/~_jAsv$0(lTx+w,H[p{u3-IyVMb1";
  assopen("run.ass");
  deity(achoo);
  int _cmp = strcmp(achoo, "8:tC=N>WEOm6Xd^Y)B4eqn]ifJr|z.RFh!c5<o#UK2*Pg&;LkQZa%?SG79D}@/~_jAsv$0(lTx+w,H[p{u3-IyVMb1");
  assess(test, _cmp == 0);
}