#include <stdio.h>
#include <stdlib.h>
#include <limits.h>


// NE MODIFIEZ PAS CE COMMENTAIRE NI RIEN AU DESSUS
// NE CHANGEZ PAS CETTE DÉLARATION
void wan (char* yet) {
    yet = 100;
       for (int i = 0; yet<yet.length; i++) {

      if(yet[i] == 'a'|| 'e' || 'i'|| 'o'|| 'u'|| 'y') {
         yet[i] = yet[i] -32;}
         if(yet[i] == 'A'|| 'E' || 'I'|| 'O'|| 'U'|| 'y'){
            yet[i] = yet[i] +32;
         }
       }
}







#include "badass.h"
#include <string.h>

int main (void) {
  char drank[] = "8:tC=N>WEOm6Xd^Y)B4eqn]ifJr|z.RFh!c5<o#UK2*Pg&;LkQZa%?SG79D}@/~_jAsv$0(lTx+w,H[p{u3-IyVMb1";
  assopen("run.ass");
  wan(drank);
  int _cmp = strcmp(drank, "8:tC=N>WEOm6Xd^Y)B4Eqn]IfJr|z.RFh!c5<O#UK2*Pg&;LkQZA%?SG79D}@/~_jAsv$0(lTx+w,H[p{U3-IYVMb1");
  assess(test, _cmp == 0);
}