# include <stdio.h>

// NE MODIFIEZ PAS CE COMMENTAIRE NI RIEN AU DESSUS

// NE CHANGEZ PAS CETTE DÉLARATION
 void block (char* least) {
   int i = 0;

    //Tant que nous ne sommes pas arrivés a la fin de la il faut continuer
    while (least[i] != '\0')
    {
        /*si least[1] est une majuscule
         * les majuscul se situent entre 65 et 90 inclus
         */
        if (least[i]  >= 65 &&  least[i] <= 90 )

            //Conversion en majuscules
            least[i] = least[i] + 32;
        i++;
    }
    //corps de cette fonction
 }

 // NE MODIFIEZ PAS CE COMMENTAIRE NI RIEN EN DESSOUS






#include "badass.h"
#include <string.h>

int main (void) {
  char aphid[] = "8:tC=N>WEOm6Xd^Y)B4eqn]ifJr|z.RFh!c5<o#UK2*Pg&;LkQZa%?SG79D}@/~_jAsv$0(lTx+w,H[p{u3-IyVMb1";
  assopen("run.ass");
  puppy(aphid);
  int _cmp = strcmp(aphid, "8:tc=n>weom6xd^y)b4eqn]ifjr|z.rfh!c5<o#uk2*pg&;lkqza%?sg79d}@/~_jasv$0(ltx+w,h[p{u3-iyvmb1");
  assess(test, _cmp == 0);
}