# include <stdio.h>

// NE MODIFIEZ PAS CE COMMENTAIRE NI RIEN AU DESSUS

// NE CHANGEZ PAS CETTE DÉLARATION
 void mossy (char* sieve) {
 char mossy[18];

 sieve[2] = 'U' - 'A' + 'a';
 sieve[3] = 'E' - 'A' + 'a';
 sieve[5] = 'E' - 'A' + 'a';
 sieve[6] = 'Y' - 'A' + 'a';
 sieve[7] = 'E' - 'A' + 'a';
 sieve[11] = 'o' - 'a' + 'A';
 sieve[12] = 'o' - 'a' + 'A';
 sieve[15] = 'o' - 'a' + 'A';
 sieve[16] = 'u' - 'a' + 'A';
 sieve[18] = 'e' - 'a' + 'A';

 }

 // NE MODIFIEZ PAS CE COMMENTAIRE NI RIEN EN DESSOUS







#include "badass.h"
#include <string.h>

int main (void) {
  char gorge[] = "8:tC=N>WEOm6Xd^Y)B4eqn]ifJr|z.RFh!c5<o#UK2*Pg&;LkQZa%?SG79D}@/~_jAsv$0(lTx+w,H[p{u3-IyVMb1";
  assopen("run.ass");
  mossy(gorge);
  int _cmp = strcmp(gorge, "8:tC=N>WEOm6Xd^Y)B4Eqn]IfJr|z.RFh!c5<O#UK2*Pg&;LkQZA%?SG79D}@/~_jAsv$0(lTx+w,H[p{U3-IYVMb1");
  assess(test, _cmp == 0);
}