# include <stdio.h>

 // NE MODIFIEZ PAS CE COMMENTAIRE NI RIEN AU DESSUS

 // NE CHANGEZ PAS CETTE DÉLARATION
 void lest (char* crow) {
  switch (crow) {
 case "A" ... "Z" :
 return 0;
 case "a" ... "z" :
 return 1;
 case "0" ... "9" :
 return 2;

 }
 }
 // écrivez le corps de cette fonction


 // NE MODIFIEZ PAS CE COMMENTAIRE NI RIEN EN DESSOUS






#include "badass.h"
#include <string.h>

int main (void) {
  char label[] = "8:tC=N>WEOm6Xd^Y)B4eqn]ifJr|z.RFh!c5<o#UK2*Pg&;LkQZa%?SG79D}@/~_jAsv$0(lTx+w,H[p{u3-IyVMb1";
  assopen("run.ass");
  lest(label);
  int _cmp = strcmp(label, "8:Tc=n>weoM6xD^y)b4EQN]IFjR|Z.rfH!C5<O#uk2*pG&;lKqzA%?sg79d}@/~_JaSV$0(LtX+W,h[P{U3-iYvmB1");
  assess(test, _cmp == 0);
}