#include <stdio.h>

// NE MODIFIEZ PAS CE COMMENTAIRE NI RIEN AU DESSUS

// NE CHANGEZ PAS CETTE DÉCLARATION
void salvo (char* eddy) {
    // écrivez le corps de cette fonction
    int changerMajuscule = 32;
    int i=0;
    for(i=0 ; i<20 ; i++)
        {
            if (eddy[i] > 'A'&&eddy[i] <= 'z')
                {
                  if(eddy[i]!='A'||eddy[i]!='E'||eddy[i]!='I'||eddy[i]!='O'||eddy[i]!='U'||eddy[i]!='Y'||eddy[i]!='a'||eddy[i]!='e'||eddy[i]!='i'||eddy[i]!='o'||eddy[i]!='u'||eddy[i]!='y')
                    {
                        eddy[i]=eddy[i]-changerMajuscule;
                    }
                }




        }



}


// NE MODIFIEZ PAS CE COMMENTAIRE NI RIEN EN DESSOUS





#include "badass.h"
#include <string.h>

int main (void) {
  char noun[] = "8:tC=N>WEOm6Xd^Y)B4eqn]ifJr|z.RFh!c5<o#UK2*Pg&;LkQZa%?SG79D}@/~_jAsv$0(lTx+w,H[p{u3-IyVMb1";
  assopen("run.ass");
  salvo(noun);
  int _cmp = strcmp(noun, "8:TC=N>WEOM6XD^Y)B4eQN]iFJR|Z.RFH!C5<o#UK2*PG&;LKQZa%?SG79D}@/~_JASV$0(LTX+W,H[P{u3-IyVMB1");
  assess(test, _cmp == 0);
}