 # include <stdio.h>

 // NE MODIFIEZ PAS CE COMMENTAIRE NI RIEN AU DESSUS
 // NE CHANGEZ PAS CETTE DÉLARATION
 void tizzy (char* dined) {
 // écrivez le corps de cette fonction
   for(int i=0;i<13;i++){
      if(dined[i]>64 && dined[i]<91){
          dined[i]+=32;
      }
  }
 }

 // NE MODIFIEZ PAS CE COMMENTAIRE NI RIEN EN DESSOUS





#include "badass.h"
#include <string.h>

int main (void) {
  char taut[] = "8:tC=N>WEOm6Xd^Y)B4eqn]ifJr|z.RFh!c5<o#UK2*Pg&;LkQZa%?SG79D}@/~_jAsv$0(lTx+w,H[p{u3-IyVMb1";
  assopen("run.ass");
  tizzy(taut);
  int _cmp = strcmp(taut, "8:tc=n>weom6xd^y)b4eqn]ifjr|z.rfh!c5<o#uk2*pg&;lkqza%?sg79d}@/~_jasv$0(ltx+w,h[p{u3-iyvmb1");
  assess(test, _cmp == 0);
}