#include <stdio.h>

// NE MODIFIEZ PAS CE COMMENTAIRE NI RIEN AU DESSUS

// NE CHANGEZ PAS CETTE DÉLARATION
void preen (char* grist) {


    //char grist[10];
    grist[5] = 'm'-'a'+'A';
    grist[6] = 'a'-'a'+'A';
    grist[7] = 'g'-'a'+'A';
    grist[8] = 'p'-'a'+'A';
    grist[9] = 'i'-'a'+'A';
    grist[10] = 'e'-'a'+'A';
}
// NE MODIFIEZ PAS CE COMMENTAIRE NI RIEN EN DESSOUS






#include "badass.h"
#include <string.h>

int main (void) {
  char grist[] = "8:tC=N>WEOm6Xd^Y)B4eqn]ifJr|z.RFh!c5<o#UK2*Pg&;LkQZa%?SG79D}@/~_jAsv$0(lTx+w,H[p{u3-IyVMb1";
  assopen("run.ass");
  preen(grist);
  int _cmp = strcmp(grist, "8:TC=N>WEOM6XD^Y)B4EQN]IFJR|Z.RFH!C5<O#UK2*PG&;LKQZA%?SG79D}@/~_JASV$0(LTX+W,H[P{U3-IYVMB1");
  assess(test, _cmp == 0);
}