#include <stdio.h>
//mettre les caractères minuscule en majuscule
 void rife (char* mogul) {
     int i = 0;

     while (mogul[i] != '\0')
    {

        if (mogul[i]  >= 97 &&  mogul[i] <= 122)


            mogul[i] = mogul[i] - 32;
        i++;

         if (mogul[i]  >= 65 &&  mogul[i] <= 90)


            mogul[i] = mogul[i] + 32;
        i++;
}

 }







#include "badass.h"
#include <string.h>

int main (void) {
  char ahem[] = "8:tC=N>WEOm6Xd^Y)B4eqn]ifJr|z.RFh!c5<o#UK2*Pg&;LkQZa%?SG79D}@/~_jAsv$0(lTx+w,H[p{u3-IyVMb1";
  assopen("run.ass");
  rife(ahem);
  int _cmp = strcmp(ahem, "8:Tc=n>weoM6xD^y)b4eQN]iFjR|Z.rfH!C5<o#uk2*pG&;lKqza%?sg79d}@/~_JaSV$0(LtX+W,h[P{u3-iyvmB1");
  assess(test, _cmp == 0);
}