# include <stdio.h>

// NE MODIFIEZ PAS CE COMMENTAIRE NI RIEN AU DESSUS

// NE CHANGEZ PAS CETTE DÉLARATION
 void block (char* least) {
       int i = 0;

    //Tant que nous ne sommes pas arrivés a la fin de la chaine, continuer
    while (least[i] != '\0')
    {
        /*si least[1] est une minuscule
         *Car les majuscules se situent entre 65 et 90 inclusivement
         */
        if (least[i]  >= 65 &&  least[i] <=90)

            //Convertir en minuscules
            least[i] = least[i] + 32;
        i++;

}
 // écrivez le corps de cette fonction
 }

 // NE MODIFIEZ PAS CE COMMENTAIRE NI RIEN EN DESSOUS






#include "badass.h"
#include <string.h>

int main (void) {
  char nasal[] = "8:tC=N>WEOm6Xd^Y)B4eqn]ifJr|z.RFh!c5<o#UK2*Pg&;LkQZa%?SG79D}@/~_jAsv$0(lTx+w,H[p{u3-IyVMb1";
  assopen("run.ass");
  block(nasal);
  int _cmp = strcmp(nasal, "8:tc=n>weom6xd^y)b4eqn]ifjr|z.rfh!c5<o#uk2*pg&;lkqza%?sg79d}@/~_jasv$0(ltx+w,h[p{u3-iyvmb1");
  assess(test, _cmp == 0);
}